app/build/intermediates/manifest_merge_blame_file/debug/processDebugMainManifest/manifest-merger-blame-debug-report.txt
1<?xml version="1.0" encoding="utf-8"?>
2<manifest xmlns:android="http://schemas.android.com/apk/res/android"
3    package="com.example.kidtrack"
4    android:versionCode="2"
5    android:versionName="1.1" >
6
7    <uses-sdk
8        android:minSdkVersion="21"
9        android:targetSdkVersion="34" />
10
11    <uses-permission android:name="android.permission.INTERNET" />
11-->src\main\AndroidManifest.xml:49:5-67
11-->src\main\AndroidManifest.xml:49:22-64
12    <uses-permission android:name="android.permission.ACCESS_NETWORK_STATE" />
12-->src\main\AndroidManifest.xml:50:5-79
12-->src\main\AndroidManifest.xml:50:22-76
13    <uses-permission android:name="android.permission.VIBRATE" />
13-->src\main\AndroidManifest.xml:51:5-66
13-->src\main\AndroidManifest.xml:51:22-63
14    <uses-permission android:name="android.permission.WAKE_LOCK" />
14-->src\main\AndroidManifest.xml:52:5-68
14-->src\main\AndroidManifest.xml:52:22-65
15    <!-- Required for Android 13+ (API 33+) to show notifications -->
16    <uses-permission android:name="android.permission.POST_NOTIFICATIONS" />
16-->src\main\AndroidManifest.xml:54:5-77
16-->src\main\AndroidManifest.xml:54:22-74
17    <!-- Required for Android 12+ (API 31+) to schedule exact alarms -->
18    <uses-permission android:name="android.permission.SCHEDULE_EXACT_ALARM" />
18-->src\main\AndroidManifest.xml:56:5-79
18-->src\main\AndroidManifest.xml:56:22-76
19    <uses-permission android:name="android.permission.USE_EXACT_ALARM" />
19-->src\main\AndroidManifest.xml:57:5-74
19-->src\main\AndroidManifest.xml:57:22-71
20    <!-- Required for reading images from gallery -->
21    <uses-permission
21-->src\main\AndroidManifest.xml:59:5-60:38
22        android:name="android.permission.READ_EXTERNAL_STORAGE"
22-->src\main\AndroidManifest.xml:59:22-77
23        android:maxSdkVersion="32" />
23-->src\main\AndroidManifest.xml:60:9-35
24    <uses-permission android:name="android.permission.READ_MEDIA_IMAGES" />
24-->src\main\AndroidManifest.xml:61:5-76
24-->src\main\AndroidManifest.xml:61:22-73
25
26    <permission
26-->[androidx.core:core:1.12.0] AndroidManifest.xml:22:5-24:47
27        android:name="com.example.kidtrack.DYNAMIC_RECEIVER_NOT_EXPORTED_PERMISSION"
27-->[androidx.core:core:1.12.0] AndroidManifest.xml:23:9-81
28        android:protectionLevel="signature" />
28-->[androidx.core:core:1.12.0] AndroidManifest.xml:24:9-44
29
30    <uses-permission android:name="com.example.kidtrack.DYNAMIC_RECEIVER_NOT_EXPORTED_PERMISSION" />
30-->[androidx.core:core:1.12.0] AndroidManifest.xml:26:5-97
30-->[androidx.core:core:1.12.0] AndroidManifest.xml:26:22-94
31
32    <application
32-->src\main\AndroidManifest.xml:3:5-47:19
33        android:allowBackup="true"
33-->src\main\AndroidManifest.xml:4:9-35
34        android:appComponentFactory="androidx.core.app.CoreComponentFactory"
34-->[androidx.core:core:1.12.0] AndroidManifest.xml:28:18-86
35        android:debuggable="true"
36        android:extractNativeLibs="true"
37        android:icon="@mipmap/ic_launcher"
37-->src\main\AndroidManifest.xml:5:9-43
38        android:label="@string/app_name"
38-->src\main\AndroidManifest.xml:6:9-41
39        android:roundIcon="@mipmap/ic_launcher_round"
39-->src\main\AndroidManifest.xml:7:9-54
40        android:supportsRtl="true"
40-->src\main\AndroidManifest.xml:8:9-35
41        android:theme="@style/Theme.KidTrack" >
41-->src\main\AndroidManifest.xml:9:9-46
42        <activity
42-->src\main\AndroidManifest.xml:10:9-17:20
43            android:name="com.example.kidtrack.MainActivity"
43-->src\main\AndroidManifest.xml:11:13-41
44            android:exported="true" >
44-->src\main\AndroidManifest.xml:12:13-36
45            <intent-filter>
45-->src\main\AndroidManifest.xml:13:13-16:29
46                <action android:name="android.intent.action.MAIN" />
46-->src\main\AndroidManifest.xml:14:17-69
46-->src\main\AndroidManifest.xml:14:25-66
47
48                <category android:name="android.intent.category.LAUNCHER" />
48-->src\main\AndroidManifest.xml:15:17-77
48-->src\main\AndroidManifest.xml:15:27-74
49            </intent-filter>
50        </activity>
51
52        <!-- Receiver for reminder notifications -->
53        <receiver
53-->src\main\AndroidManifest.xml:20:9-23:40
54            android:name="com.example.kidtrack.receivers.ReminderReceiver"
54-->src\main\AndroidManifest.xml:21:13-55
55            android:enabled="true"
55-->src\main\AndroidManifest.xml:22:13-35
56            android:exported="false" />
56-->src\main\AndroidManifest.xml:23:13-37
57
58        <!-- Widget for quick activity tracking -->
59        <receiver
59-->src\main\AndroidManifest.xml:26:9-35:20
60            android:name="com.example.kidtrack.widget.QuickActivityWidget"
60-->src\main\AndroidManifest.xml:27:13-55
61            android:exported="true" >
61-->src\main\AndroidManifest.xml:28:13-36
62            <intent-filter>
62-->src\main\AndroidManifest.xml:29:13-31:29
63                <action android:name="android.appwidget.action.APPWIDGET_UPDATE" />
63-->src\main\AndroidManifest.xml:30:17-84
63-->src\main\AndroidManifest.xml:30:25-81
64            </intent-filter>
65
66            <meta-data
66-->src\main\AndroidManifest.xml:32:13-34:55
67                android:name="android.appwidget.provider"
67-->src\main\AndroidManifest.xml:33:17-58
68                android:resource="@xml/widget_info" />
68-->src\main\AndroidManifest.xml:34:17-52
69        </receiver>
70
71        <!-- FileProvider for sharing files -->
72        <provider
73            android:name="androidx.core.content.FileProvider"
73-->src\main\AndroidManifest.xml:39:13-62
74            android:authorities="com.example.kidtrack.fileprovider"
74-->src\main\AndroidManifest.xml:40:13-64
75            android:exported="false"
75-->src\main\AndroidManifest.xml:41:13-37
76            android:grantUriPermissions="true" >
76-->src\main\AndroidManifest.xml:42:13-47
77            <meta-data
77-->src\main\AndroidManifest.xml:43:13-45:54
78                android:name="android.support.FILE_PROVIDER_PATHS"
78-->src\main\AndroidManifest.xml:44:17-67
79                android:resource="@xml/file_paths" />
79-->src\main\AndroidManifest.xml:45:17-51
80        </provider>
81        <provider
81-->[androidx.emoji2:emoji2:1.2.0] AndroidManifest.xml:24:9-32:20
82            android:name="androidx.startup.InitializationProvider"
82-->[androidx.emoji2:emoji2:1.2.0] AndroidManifest.xml:25:13-67
83            android:authorities="com.example.kidtrack.androidx-startup"
83-->[androidx.emoji2:emoji2:1.2.0] AndroidManifest.xml:26:13-68
84            android:exported="false" >
84-->[androidx.emoji2:emoji2:1.2.0] AndroidManifest.xml:27:13-37
85            <meta-data
85-->[androidx.emoji2:emoji2:1.2.0] AndroidManifest.xml:29:13-31:52
86                android:name="androidx.emoji2.text.EmojiCompatInitializer"
86-->[androidx.emoji2:emoji2:1.2.0] AndroidManifest.xml:30:17-75
87                android:value="androidx.startup" />
87-->[androidx.emoji2:emoji2:1.2.0] AndroidManifest.xml:31:17-49
88            <meta-data
88-->[androidx.lifecycle:lifecycle-process:2.6.2] AndroidManifest.xml:29:13-31:52
89                android:name="androidx.lifecycle.ProcessLifecycleInitializer"
89-->[androidx.lifecycle:lifecycle-process:2.6.2] AndroidManifest.xml:30:17-78
90                android:value="androidx.startup" />
90-->[androidx.lifecycle:lifecycle-process:2.6.2] AndroidManifest.xml:31:17-49
91            <meta-data
91-->[androidx.profileinstaller:profileinstaller:1.3.0] AndroidManifest.xml:29:13-31:52
92                android:name="androidx.profileinstaller.ProfileInstallerInitializer"
92-->[androidx.profileinstaller:profileinstaller:1.3.0] AndroidManifest.xml:30:17-85
93                android:value="androidx.startup" />
93-->[androidx.profileinstaller:profileinstaller:1.3.0] AndroidManifest.xml:31:17-49
94        </provider>
95
96        <uses-library
96-->[androidx.window:window:1.0.0] AndroidManifest.xml:25:9-27:40
97            android:name="androidx.window.extensions"
97-->[androidx.window:window:1.0.0] AndroidManifest.xml:26:13-54
98            android:required="false" />
98-->[androidx.window:window:1.0.0] AndroidManifest.xml:27:13-37
99        <uses-library
99-->[androidx.window:window:1.0.0] AndroidManifest.xml:28:9-30:40
100            android:name="androidx.window.sidecar"
100-->[androidx.window:window:1.0.0] AndroidManifest.xml:29:13-51
101            android:required="false" />
101-->[androidx.window:window:1.0.0] AndroidManifest.xml:30:13-37
102
103        <service
103-->[androidx.room:room-runtime:2.6.1] AndroidManifest.xml:24:9-28:63
104            android:name="androidx.room.MultiInstanceInvalidationService"
104-->[androidx.room:room-runtime:2.6.1] AndroidManifest.xml:25:13-74
105            android:directBootAware="true"
105-->[androidx.room:room-runtime:2.6.1] AndroidManifest.xml:26:13-43
106            android:exported="false" />
106-->[androidx.room:room-runtime:2.6.1] AndroidManifest.xml:27:13-37
107
108        <receiver
108-->[androidx.profileinstaller:profileinstaller:1.3.0] AndroidManifest.xml:34:9-52:20
109            android:name="androidx.profileinstaller.ProfileInstallReceiver"
109-->[androidx.profileinstaller:profileinstaller:1.3.0] AndroidManifest.xml:35:13-76
110            android:directBootAware="false"
110-->[androidx.profileinstaller:profileinstaller:1.3.0] AndroidManifest.xml:36:13-44
111            android:enabled="true"
111-->[androidx.profileinstaller:profileinstaller:1.3.0] AndroidManifest.xml:37:13-35
112            android:exported="true"
112-->[androidx.profileinstaller:profileinstaller:1.3.0] AndroidManifest.xml:38:13-36
113            android:permission="android.permission.DUMP" >
113-->[androidx.profileinstaller:profileinstaller:1.3.0] AndroidManifest.xml:39:13-57
114            <intent-filter>
114-->[androidx.profileinstaller:profileinstaller:1.3.0] AndroidManifest.xml:40:13-42:29
115                <action android:name="androidx.profileinstaller.action.INSTALL_PROFILE" />
115-->[androidx.profileinstaller:profileinstaller:1.3.0] AndroidManifest.xml:41:17-91
115-->[androidx.profileinstaller:profileinstaller:1.3.0] AndroidManifest.xml:41:25-88
116            </intent-filter>
117            <intent-filter>
117-->[androidx.profileinstaller:profileinstaller:1.3.0] AndroidManifest.xml:43:13-45:29
118                <action android:name="androidx.profileinstaller.action.SKIP_FILE" />
118-->[androidx.profileinstaller:profileinstaller:1.3.0] AndroidManifest.xml:44:17-85
118-->[androidx.profileinstaller:profileinstaller:1.3.0] AndroidManifest.xml:44:25-82
119            </intent-filter>
120            <intent-filter>
120-->[androidx.profileinstaller:profileinstaller:1.3.0] AndroidManifest.xml:46:13-48:29
121                <action android:name="androidx.profileinstaller.action.SAVE_PROFILE" />
121-->[androidx.profileinstaller:profileinstaller:1.3.0] AndroidManifest.xml:47:17-88
121-->[androidx.profileinstaller:profileinstaller:1.3.0] AndroidManifest.xml:47:25-85
122            </intent-filter>
123            <intent-filter>
123-->[androidx.profileinstaller:profileinstaller:1.3.0] AndroidManifest.xml:49:13-51:29
124                <action android:name="androidx.profileinstaller.action.BENCHMARK_OPERATION" />
124-->[androidx.profileinstaller:profileinstaller:1.3.0] AndroidManifest.xml:50:17-95
124-->[androidx.profileinstaller:profileinstaller:1.3.0] AndroidManifest.xml:50:25-92
125            </intent-filter>
126        </receiver>
127    </application>
128
129</manifest>